running test 1 of 50
Using license file /usr/local/gurobi/gurobi.lic
Set parameter TokenServer to value beluga
solving once now
done solving once
running test 2 of 50
solving once now
done solving once
running test 3 of 50
solving once now
done solving once
running test 4 of 50
solving once now
done solving once
running test 5 of 50
solving once now
done solving once
running test 6 of 50
solving once now
done solving once
running test 7 of 50
solving once now
done solving once
running test 8 of 50
solving once now
done solving once
running test 9 of 50
solving once now
